{"/Users/abigail/development/wdi-project-2/index.js":{"path":"/Users/abigail/development/wdi-project-2/index.js","s":{"1":1,"2":1,"3":1,"4":1,"5":1,"6":1,"7":1,"8":1,"9":1,"10":1,"11":1,"12":1,"13":1,"14":1,"15":1,"16":1,"17":1,"18":1,"19":1,"20":1},"b":{},"f":{},"fnMap":{},"statementMap":{"1":{"start":{"line":1,"column":0},"end":{"line":1,"column":38}},"2":{"start":{"line":2,"column":0},"end":{"line":2,"column":37}},"3":{"start":{"line":3,"column":0},"end":{"line":3,"column":42}},"4":{"start":{"line":4,"column":0},"end":{"line":4,"column":35}},"5":{"start":{"line":5,"column":0},"end":{"line":5,"column":39}},"6":{"start":{"line":7,"column":0},"end":{"line":7,"column":29}},"7":{"start":{"line":8,"column":0},"end":{"line":8,"column":35}},"8":{"start":{"line":9,"column":0},"end":{"line":9,"column":46}},"9":{"start":{"line":10,"column":0},"end":{"line":10,"column":46}},"10":{"start":{"line":12,"column":0},"end":{"line":12,"column":41}},"11":{"start":{"line":14,"column":0},"end":{"line":14,"column":23}},"12":{"start":{"line":15,"column":0},"end":{"line":15,"column":27}},"13":{"start":{"line":16,"column":0},"end":{"line":16,"column":51}},"14":{"start":{"line":17,"column":0},"end":{"line":17,"column":16}},"15":{"start":{"line":19,"column":0},"end":{"line":19,"column":47}},"16":{"start":{"line":20,"column":0},"end":{"line":20,"column":21}},"17":{"start":{"line":21,"column":0},"end":{"line":21,"column":24}},"18":{"start":{"line":23,"column":0},"end":{"line":23,"column":80}},"19":{"start":{"line":23,"column":30},"end":{"line":23,"column":78}},"20":{"start":{"line":24,"column":0},"end":{"line":24,"column":21}}},"branchMap":{}},"/Users/abigail/development/wdi-project-2/config/config.js":{"path":"/Users/abigail/development/wdi-project-2/config/config.js","s":{"1":1},"b":{"1":[1,1],"2":[1,1],"3":[1,1]},"f":{},"fnMap":{},"statementMap":{"1":{"start":{"line":1,"column":0},"end":{"line":8,"column":2}}},"branchMap":{"1":{"line":5,"type":"binary-expr","locations":[{"start":{"line":5,"column":16},"end":{"line":5,"column":39}},{"start":{"line":5,"column":43},"end":{"line":5,"column":76}}]},"2":{"line":6,"type":"binary-expr","locations":[{"start":{"line":6,"column":8},"end":{"line":6,"column":24}},{"start":{"line":6,"column":28},"end":{"line":6,"column":32}}]},"3":{"line":7,"type":"binary-expr","locations":[{"start":{"line":7,"column":10},"end":{"line":7,"column":28}},{"start":{"line":7,"column":32},"end":{"line":7,"column":63}}]}}},"/Users/abigail/development/wdi-project-2/config/routes.js":{"path":"/Users/abigail/development/wdi-project-2/config/routes.js","s":{"1":1,"2":1,"3":1,"4":1,"5":1,"6":1,"7":1,"8":1,"9":1,"10":1},"b":{},"f":{},"fnMap":{},"statementMap":{"1":{"start":{"line":1,"column":0},"end":{"line":1,"column":36}},"2":{"start":{"line":2,"column":0},"end":{"line":2,"column":34}},"3":{"start":{"line":4,"column":0},"end":{"line":4,"column":68}},"4":{"start":{"line":5,"column":0},"end":{"line":5,"column":60}},"5":{"start":{"line":6,"column":0},"end":{"line":6,"column":58}},"6":{"start":{"line":8,"column":0},"end":{"line":9,"column":31}},"7":{"start":{"line":11,"column":0},"end":{"line":12,"column":30}},"8":{"start":{"line":14,"column":0},"end":{"line":15,"column":34}},"9":{"start":{"line":16,"column":0},"end":{"line":17,"column":31}},"10":{"start":{"line":19,"column":0},"end":{"line":19,"column":24}}},"branchMap":{}},"/Users/abigail/development/wdi-project-2/controllers/authentications.js":{"path":"/Users/abigail/development/wdi-project-2/controllers/authentications.js","s":{"1":1,"2":1,"3":1,"4":1,"5":1,"6":0,"7":0,"8":0,"9":0,"10":0,"11":1,"12":0,"13":0,"14":0,"15":0,"16":0,"17":0,"18":0},"b":{"1":[0,0],"2":[0,0],"3":[0,0],"4":[0,0]},"f":{"1":0,"2":0},"fnMap":{"1":{"name":"authenticationsRegister","line":10,"loc":{"start":{"line":10,"column":0},"end":{"line":10,"column":42}}},"2":{"name":"authenticationsLogin","line":24,"loc":{"start":{"line":24,"column":0},"end":{"line":24,"column":40}}}},"statementMap":{"1":{"start":{"line":1,"column":0},"end":{"line":4,"column":2}},"2":{"start":{"line":6,"column":0},"end":{"line":6,"column":41}},"3":{"start":{"line":7,"column":0},"end":{"line":7,"column":39}},"4":{"start":{"line":8,"column":0},"end":{"line":8,"column":43}},"5":{"start":{"line":10,"column":0},"end":{"line":22,"column":1}},"6":{"start":{"line":11,"column":2},"end":{"line":21,"column":5}},"7":{"start":{"line":12,"column":4},"end":{"line":12,"column":79}},"8":{"start":{"line":12,"column":13},"end":{"line":12,"column":79}},"9":{"start":{"line":14,"column":4},"end":{"line":14,"column":75}},"10":{"start":{"line":16,"column":4},"end":{"line":20,"column":7}},"11":{"start":{"line":24,"column":0},"end":{"line":39,"column":1}},"12":{"start":{"line":25,"column":2},"end":{"line":38,"column":5}},"13":{"start":{"line":26,"column":4},"end":{"line":26,"column":78}},"14":{"start":{"line":26,"column":13},"end":{"line":26,"column":78}},"15":{"start":{"line":27,"column":4},"end":{"line":29,"column":5}},"16":{"start":{"line":28,"column":6},"end":{"line":28,"column":64}},"17":{"start":{"line":31,"column":4},"end":{"line":31,"column":75}},"18":{"start":{"line":33,"column":4},"end":{"line":37,"column":7}}},"branchMap":{"1":{"line":12,"type":"if","locations":[{"start":{"line":12,"column":4},"end":{"line":12,"column":4}},{"start":{"line":12,"column":4},"end":{"line":12,"column":4}}]},"2":{"line":26,"type":"if","locations":[{"start":{"line":26,"column":4},"end":{"line":26,"column":4}},{"start":{"line":26,"column":4},"end":{"line":26,"column":4}}]},"3":{"line":27,"type":"if","locations":[{"start":{"line":27,"column":4},"end":{"line":27,"column":4}},{"start":{"line":27,"column":4},"end":{"line":27,"column":4}}]},"4":{"line":27,"type":"binary-expr","locations":[{"start":{"line":27,"column":8},"end":{"line":27,"column":13}},{"start":{"line":27,"column":17},"end":{"line":27,"column":58}}]}}},"/Users/abigail/development/wdi-project-2/models/user.js":{"path":"/Users/abigail/development/wdi-project-2/models/user.js","s":{"1":1,"2":1,"3":1,"4":1,"5":1,"6":1,"7":1,"8":1,"9":1,"10":0,"11":0,"12":0,"13":0,"14":1,"15":1,"16":0,"17":0,"18":1,"19":0,"20":1,"21":0,"22":0,"23":0,"24":0,"25":0,"26":0,"27":0,"28":1,"29":0,"30":0,"31":1,"32":0},"b":{"1":[0,0],"2":[0,0],"3":[0,0],"4":[0,0],"5":[0,0]},"f":{"1":0,"2":0,"3":0,"4":0,"5":0,"6":0},"fnMap":{"1":{"name":"(anonymous_1)","line":26,"loc":{"start":{"line":26,"column":13},"end":{"line":26,"column":32}}},"2":{"name":"setPassword","line":36,"loc":{"start":{"line":36,"column":0},"end":{"line":36,"column":28}}},"3":{"name":"setPasswordConfirmation","line":41,"loc":{"start":{"line":41,"column":0},"end":{"line":41,"column":55}}},"4":{"name":"validatePasswordHash","line":45,"loc":{"start":{"line":45,"column":0},"end":{"line":45,"column":32}}},"5":{"name":"validateEmail","line":61,"loc":{"start":{"line":61,"column":0},"end":{"line":61,"column":30}}},"6":{"name":"validatePassword","line":67,"loc":{"start":{"line":67,"column":0},"end":{"line":67,"column":36}}}},"statementMap":{"1":{"start":{"line":1,"column":0},"end":{"line":1,"column":38}},"2":{"start":{"line":2,"column":0},"end":{"line":2,"column":36}},"3":{"start":{"line":3,"column":0},"end":{"line":3,"column":39}},"4":{"start":{"line":5,"column":0},"end":{"line":9,"column":3}},"5":{"start":{"line":11,"column":0},"end":{"line":13,"column":20}},"6":{"start":{"line":15,"column":0},"end":{"line":17,"column":32}},"7":{"start":{"line":19,"column":0},"end":{"line":21,"column":34}},"8":{"start":{"line":23,"column":0},"end":{"line":23,"column":55}},"9":{"start":{"line":25,"column":0},"end":{"line":32,"column":3}},"10":{"start":{"line":27,"column":4},"end":{"line":27,"column":28}},"11":{"start":{"line":28,"column":4},"end":{"line":28,"column":21}},"12":{"start":{"line":29,"column":4},"end":{"line":29,"column":19}},"13":{"start":{"line":30,"column":4},"end":{"line":30,"column":15}},"14":{"start":{"line":34,"column":0},"end":{"line":34,"column":52}},"15":{"start":{"line":36,"column":0},"end":{"line":39,"column":1}},"16":{"start":{"line":37,"column":2},"end":{"line":37,"column":25}},"17":{"start":{"line":38,"column":2},"end":{"line":38,"column":68}},"18":{"start":{"line":41,"column":0},"end":{"line":43,"column":1}},"19":{"start":{"line":42,"column":2},"end":{"line":42,"column":52}},"20":{"start":{"line":45,"column":0},"end":{"line":59,"column":1}},"21":{"start":{"line":46,"column":2},"end":{"line":58,"column":3}},"22":{"start":{"line":47,"column":4},"end":{"line":49,"column":5}},"23":{"start":{"line":48,"column":6},"end":{"line":48,"column":67}},"24":{"start":{"line":51,"column":4},"end":{"line":53,"column":5}},"25":{"start":{"line":52,"column":6},"end":{"line":52,"column":68}},"26":{"start":{"line":55,"column":4},"end":{"line":57,"column":5}},"27":{"start":{"line":56,"column":6},"end":{"line":56,"column":79}},"28":{"start":{"line":61,"column":0},"end":{"line":65,"column":1}},"29":{"start":{"line":62,"column":2},"end":{"line":64,"column":3}},"30":{"start":{"line":63,"column":4},"end":{"line":63,"column":69}},"31":{"start":{"line":67,"column":0},"end":{"line":69,"column":1}},"32":{"start":{"line":68,"column":2},"end":{"line":68,"column":57}}},"branchMap":{"1":{"line":46,"type":"if","locations":[{"start":{"line":46,"column":2},"end":{"line":46,"column":2}},{"start":{"line":46,"column":2},"end":{"line":46,"column":2}}]},"2":{"line":47,"type":"if","locations":[{"start":{"line":47,"column":4},"end":{"line":47,"column":4}},{"start":{"line":47,"column":4},"end":{"line":47,"column":4}}]},"3":{"line":51,"type":"if","locations":[{"start":{"line":51,"column":4},"end":{"line":51,"column":4}},{"start":{"line":51,"column":4},"end":{"line":51,"column":4}}]},"4":{"line":55,"type":"if","locations":[{"start":{"line":55,"column":4},"end":{"line":55,"column":4}},{"start":{"line":55,"column":4},"end":{"line":55,"column":4}}]},"5":{"line":62,"type":"if","locations":[{"start":{"line":62,"column":2},"end":{"line":62,"column":2}},{"start":{"line":62,"column":2},"end":{"line":62,"column":2}}]}}},"/Users/abigail/development/wdi-project-2/controllers/statics.js":{"path":"/Users/abigail/development/wdi-project-2/controllers/statics.js","s":{"1":1,"2":1,"3":0,"4":1},"b":{},"f":{"1":0},"fnMap":{"1":{"name":"staticsHome","line":3,"loc":{"start":{"line":3,"column":0},"end":{"line":3,"column":31}}}},"statementMap":{"1":{"start":{"line":1,"column":0},"end":{"line":1,"column":29}},"2":{"start":{"line":3,"column":0},"end":{"line":5,"column":1}},"3":{"start":{"line":4,"column":2},"end":{"line":4,"column":61}},"4":{"start":{"line":7,"column":0},"end":{"line":9,"column":2}}},"branchMap":{}},"/Users/abigail/development/wdi-project-2/controllers/finds.js":{"path":"/Users/abigail/development/wdi-project-2/controllers/finds.js","s":{"1":1,"2":1,"3":4,"4":4,"5":0,"6":4,"7":1},"b":{"1":[0,4]},"f":{"1":4},"fnMap":{"1":{"name":"findsIndex","line":3,"loc":{"start":{"line":3,"column":0},"end":{"line":3,"column":30}}}},"statementMap":{"1":{"start":{"line":1,"column":0},"end":{"line":1,"column":39}},"2":{"start":{"line":3,"column":0},"end":{"line":8,"column":1}},"3":{"start":{"line":4,"column":2},"end":{"line":7,"column":5}},"4":{"start":{"line":5,"column":4},"end":{"line":5,"column":79}},"5":{"start":{"line":5,"column":13},"end":{"line":5,"column":79}},"6":{"start":{"line":6,"column":4},"end":{"line":6,"column":43}},"7":{"start":{"line":10,"column":0},"end":{"line":12,"column":2}}},"branchMap":{"1":{"line":5,"type":"if","locations":[{"start":{"line":5,"column":4},"end":{"line":5,"column":4}},{"start":{"line":5,"column":4},"end":{"line":5,"column":4}}]}}},"/Users/abigail/development/wdi-project-2/models/find.js":{"path":"/Users/abigail/development/wdi-project-2/models/find.js","s":{"1":1,"2":1,"3":1},"b":{},"f":{},"fnMap":{},"statementMap":{"1":{"start":{"line":1,"column":0},"end":{"line":1,"column":37}},"2":{"start":{"line":3,"column":0},"end":{"line":20,"column":3}},"3":{"start":{"line":22,"column":0},"end":{"line":22,"column":52}}},"branchMap":{}}}