TN:
SF:/Users/abigail/development/wdi-project-2/index.js
FNF:0
FNH:0
DA:1,1
DA:2,1
DA:3,1
DA:4,1
DA:5,1
DA:7,1
DA:8,1
DA:9,1
DA:10,1
DA:12,1
DA:14,1
DA:15,1
DA:16,1
DA:17,1
DA:19,1
DA:20,1
DA:21,1
DA:23,1
DA:24,1
LF:19
LH:19
BRF:0
BRH:0
end_of_record
TN:
SF:/Users/abigail/development/wdi-project-2/config/config.js
FNF:0
FNH:0
DA:1,1
LF:1
LH:1
BRDA:5,1,0,1
BRDA:5,1,1,1
BRDA:6,2,0,1
BRDA:6,2,1,1
BRDA:7,3,0,1
BRDA:7,3,1,1
BRF:6
BRH:6
end_of_record
TN:
SF:/Users/abigail/development/wdi-project-2/config/routes.js
FNF:0
FNH:0
DA:1,1
DA:2,1
DA:4,1
DA:5,1
DA:6,1
DA:8,1
DA:11,1
DA:14,1
DA:16,1
DA:19,1
LF:10
LH:10
BRF:0
BRH:0
end_of_record
TN:
SF:/Users/abigail/development/wdi-project-2/controllers/authentications.js
FN:10,authenticationsRegister
FN:24,authenticationsLogin
FNF:2
FNH:0
FNDA:0,authenticationsRegister
FNDA:0,authenticationsLogin
DA:1,1
DA:6,1
DA:7,1
DA:8,1
DA:10,1
DA:11,0
DA:12,0
DA:14,0
DA:16,0
DA:24,1
DA:25,0
DA:26,0
DA:27,0
DA:28,0
DA:31,0
DA:33,0
LF:16
LH:6
BRDA:12,1,0,0
BRDA:12,1,1,0
BRDA:26,2,0,0
BRDA:26,2,1,0
BRDA:27,3,0,0
BRDA:27,3,1,0
BRDA:27,4,0,0
BRDA:27,4,1,0
BRF:8
BRH:0
end_of_record
TN:
SF:/Users/abigail/development/wdi-project-2/models/user.js
FN:26,(anonymous_1)
FN:36,setPassword
FN:41,setPasswordConfirmation
FN:45,validatePasswordHash
FN:61,validateEmail
FN:67,validatePassword
FNF:6
FNH:0
FNDA:0,(anonymous_1)
FNDA:0,setPassword
FNDA:0,setPasswordConfirmation
FNDA:0,validatePasswordHash
FNDA:0,validateEmail
FNDA:0,validatePassword
DA:1,1
DA:2,1
DA:3,1
DA:5,1
DA:11,1
DA:15,1
DA:19,1
DA:23,1
DA:25,1
DA:27,0
DA:28,0
DA:29,0
DA:30,0
DA:34,1
DA:36,1
DA:37,0
DA:38,0
DA:41,1
DA:42,0
DA:45,1
DA:46,0
DA:47,0
DA:48,0
DA:51,0
DA:52,0
DA:55,0
DA:56,0
DA:61,1
DA:62,0
DA:63,0
DA:67,1
DA:68,0
LF:32
LH:15
BRDA:46,1,0,0
BRDA:46,1,1,0
BRDA:47,2,0,0
BRDA:47,2,1,0
BRDA:51,3,0,0
BRDA:51,3,1,0
BRDA:55,4,0,0
BRDA:55,4,1,0
BRDA:62,5,0,0
BRDA:62,5,1,0
BRF:10
BRH:0
end_of_record
TN:
SF:/Users/abigail/development/wdi-project-2/controllers/statics.js
FN:3,staticsHome
FNF:1
FNH:0
FNDA:0,staticsHome
DA:1,1
DA:3,1
DA:4,0
DA:7,1
LF:4
LH:3
BRF:0
BRH:0
end_of_record
TN:
SF:/Users/abigail/development/wdi-project-2/controllers/finds.js
FN:3,findsIndex
FNF:1
FNH:1
FNDA:4,findsIndex
DA:1,1
DA:3,1
DA:4,4
DA:5,4
DA:6,4
DA:10,1
LF:6
LH:6
BRDA:5,1,0,0
BRDA:5,1,1,4
BRF:2
BRH:1
end_of_record
TN:
SF:/Users/abigail/development/wdi-project-2/models/find.js
FNF:0
FNH:0
DA:1,1
DA:3,1
DA:22,1
LF:3
LH:3
BRF:0
BRH:0
end_of_record
